# JRE version: OpenJDK Runtime Environment (17.0.9) (build 17.0.9+0--11185874)
# Java VM: OpenJDK 64-Bit Server VM (17.0.9+0--11185874, mixed mode, tiered, compressed oops, compressed class ptrs, g1 gc, windows-amd64)
GC Precious Log:
 CPUs: 6 total, 6 available
 Memory: 7541M
 Large Page Support: Disabled
 NUMA Support: Disabled
 Compressed Oops: Enabled (Zero based)
 Heap Region Size: 2M
 Heap Min Capacity: 8M
 Heap Initial Capacity: 118M
 Heap Max Capacity: 4G
 Pre-touch: Disabled
 Parallel Workers: 6
 Concurrent Workers: 2
 Concurrent Refinement Workers: 6
 Periodic GC: Disabled
Heap:
 garbage-first heap   total 675840K, used 216703K [0x0000000700000000, 0x0000000800000000)
  region size 2048K, 2 young (4096K), 2 survivors (4096K)
 Metaspace       used 256672K, committed 259776K, reserved 1310720K
  class space    used 32747K, committed 33984K, reserved 1048576K
GC Heap History (20 events):
Event: 20822.881 GC heap after
{Heap after GC invocations=181 (full 2):
 garbage-first heap   total 675840K, used 195069K [0x0000000700000000, 0x0000000800000000)
  region size 2048K, 1 young (2048K), 1 survivors (2048K)
 Metaspace       used 257425K, committed 259840K, reserved 1310720K
  class space    used 32930K, committed 33984K, reserved 1048576K
}
Event: 21249.456 GC heap before
{Heap before GC invocations=182 (full 2):
 garbage-first heap   total 675840K, used 225789K [0x0000000700000000, 0x0000000800000000)
  region size 2048K, 16 young (32768K), 1 survivors (2048K)
 Metaspace       used 256289K, committed 259776K, reserved 1310720K
  class space    used 32625K, committed 33984K, reserved 1048576K
}
Event: 21249.529 GC heap after
{Heap after GC invocations=183 (full 2):
 garbage-first heap   total 675840K, used 197425K [0x0000000700000000, 0x0000000800000000)
  region size 2048K, 2 young (4096K), 2 survivors (4096K)
 Metaspace       used 256289K, committed 259776K, reserved 1310720K
  class space    used 32625K, committed 33984K, reserved 1048576K
}
Event: 21251.113 GC heap before
{Heap before GC invocations=183 (full 2):
 garbage-first heap   total 675840K, used 224049K [0x0000000700000000, 0x0000000800000000)
  region size 2048K, 16 young (32768K), 2 survivors (4096K)
 Metaspace       used 256327K, committed 259776K, reserved 1310720K
  class space    used 32632K, committed 33984K, reserved 1048576K
}
Event: 21251.138 GC heap after
{Heap after GC invocations=184 (full 2):
 garbage-first heap   total 675840K, used 199409K [0x0000000700000000, 0x0000000800000000)
  region size 2048K, 2 young (4096K), 2 survivors (4096K)
 Metaspace       used 256327K, committed 259776K, reserved 1310720K
  class space    used 32632K, committed 33984K, reserved 1048576K
}
Event: 21251.405 GC heap before
{Heap before GC invocations=184 (full 2):
 garbage-first heap   total 675840K, used 228081K [0x0000000700000000, 0x0000000800000000)
  region size 2048K, 16 young (32768K), 2 survivors (4096K)
 Metaspace       used 256333K, committed 259776K, reserved 1310720K
  class space    used 32634K, committed 33984K, reserved 1048576K
}
Event: 21251.416 GC heap after
{Heap after GC invocations=185 (full 2):
 garbage-first heap   total 675840K, used 199682K [0x0000000700000000, 0x0000000800000000)
  region size 2048K, 2 young (4096K), 2 survivors (4096K)
 Metaspace       used 256333K, committed 259776K, reserved 1310720K
  class space    used 32634K, committed 33984K, reserved 1048576K
}
Event: 21251.767 GC heap before
{Heap before GC invocations=185 (full 2):
 garbage-first heap   total 675840K, used 228354K [0x0000000700000000, 0x0000000800000000)
  region size 2048K, 16 young (32768K), 2 survivors (4096K)
 Metaspace       used 256384K, committed 259776K, reserved 1310720K
  class space    used 32652K, committed 33984K, reserved 1048576K
}
Event: 21251.786 GC heap after
{Heap after GC invocations=186 (full 2):
 garbage-first heap   total 675840K, used 201856K [0x0000000700000000, 0x0000000800000000)
  region size 2048K, 2 young (4096K), 2 survivors (4096K)
 Metaspace       used 256384K, committed 259776K, reserved 1310720K
  class space    used 32652K, committed 33984K, reserved 1048576K
}
Event: 21251.947 GC heap before
{Heap before GC invocations=186 (full 2):
 garbage-first heap   total 675840K, used 230528K [0x0000000700000000, 0x0000000800000000)
  region size 2048K, 16 young (32768K), 2 survivors (4096K)
 Metaspace       used 256433K, committed 259776K, reserved 1310720K
  class space    used 32669K, committed 33984K, reserved 1048576K
}
Event: 21251.966 GC heap after
{Heap after GC invocations=187 (full 2):
 garbage-first heap   total 675840K, used 203929K [0x0000000700000000, 0x0000000800000000)
  region size 2048K, 1 young (2048K), 1 survivors (2048K)
 Metaspace       used 256433K, committed 259776K, reserved 1310720K
  class space    used 32669K, committed 33984K, reserved 1048576K
}
Event: 21252.187 GC heap before
{Heap before GC invocations=187 (full 2):
 garbage-first heap   total 675840K, used 234649K [0x0000000700000000, 0x0000000800000000)
  region size 2048K, 16 young (32768K), 1 survivors (2048K)
 Metaspace       used 256486K, committed 259776K, reserved 1310720K
  class space    used 32686K, committed 33984K, reserved 1048576K
}
Event: 21252.204 GC heap after
{Heap after GC invocations=188 (full 2):
 garbage-first heap   total 675840K, used 205240K [0x0000000700000000, 0x0000000800000000)
  region size 2048K, 2 young (4096K), 2 survivors (4096K)
 Metaspace       used 256486K, committed 259776K, reserved 1310720K
  class space    used 32686K, committed 33984K, reserved 1048576K
}
Event: 21252.310 GC heap before
{Heap before GC invocations=188 (full 2):
 garbage-first heap   total 675840K, used 233912K [0x0000000700000000, 0x0000000800000000)
  region size 2048K, 16 young (32768K), 2 survivors (4096K)
 Metaspace       used 256525K, committed 259776K, reserved 1310720K
  class space    used 32701K, committed 33984K, reserved 1048576K
}
Event: 21252.328 GC heap after
{Heap after GC invocations=189 (full 2):
 garbage-first heap   total 675840K, used 207757K [0x0000000700000000, 0x0000000800000000)
  region size 2048K, 2 young (4096K), 2 survivors (4096K)
 Metaspace       used 256525K, committed 259776K, reserved 1310720K
  class space    used 32701K, committed 33984K, reserved 1048576K
}
Event: 21252.538 GC heap before
{Heap before GC invocations=189 (full 2):
 garbage-first heap   total 675840K, used 236429K [0x0000000700000000, 0x0000000800000000)
  region size 2048K, 16 young (32768K), 2 survivors (4096K)
 Metaspace       used 256579K, committed 259776K, reserved 1310720K
  class space    used 32720K, committed 33984K, reserved 1048576K
}
Event: 21252.545 GC heap after
{Heap after GC invocations=190 (full 2):
 garbage-first heap   total 675840K, used 210331K [0x0000000700000000, 0x0000000800000000)
  region size 2048K, 2 young (4096K), 2 survivors (4096K)
 Metaspace       used 256579K, committed 259776K, reserved 1310720K
  class space    used 32720K, committed 33984K, reserved 1048576K
}
Event: 21253.141 GC heap before
{Heap before GC invocations=191 (full 2):
 garbage-first heap   total 675840K, used 236955K [0x0000000700000000, 0x0000000800000000)
  region size 2048K, 16 young (32768K), 2 survivors (4096K)
 Metaspace       used 256650K, committed 259776K, reserved 1310720K
  class space    used 32741K, committed 33984K, reserved 1048576K
}
Event: 21253.219 GC heap after
{Heap after GC invocations=192 (full 2):
 garbage-first heap   total 675840K, used 214538K [0x0000000700000000, 0x0000000800000000)
  region size 2048K, 2 young (4096K), 2 survivors (4096K)
 Metaspace       used 256650K, committed 259776K, reserved 1310720K
  class space    used 32741K, committed 33984K, reserved 1048576K
}
Event: 21253.650 GC heap before
{Heap before GC invocations=192 (full 2):
 garbage-first heap   total 675840K, used 241162K [0x0000000700000000, 0x0000000800000000)
  region size 2048K, 16 young (32768K), 2 survivors (4096K)
 Metaspace       used 256672K, committed 259776K, reserved 1310720K
  class space    used 32747K, committed 33984K, reserved 1048576K
}

